Terminals unused in grammar

   MAIN
   ENDMAIN
   INT
   FLOAT
   CHAR
   READ
   IF
   ELSE
   WHILE


Grammar

    0 $accept: S $end

    1 S: SULSUL BLOCO DAGDAG

    2 BLOCO: '{' COMANDOS '}'

    3 COMANDOS: COMANDOS COMANDO
    4         | COMANDO

    5 COMANDO: DECLARACAO
    6        | ATRIB
    7        | SAIDA
    8        | IF_COMANDO

    9 DECLARACAO: PABA VAR '=' EXPR ';'
   10           | PABA VAR ';'
   11           | FIRBS VAR '=' EXPR ';'
   12           | FIRBS VAR ';'
   13           | KOOJ VAR '=' CARACTERE ';'
   14           | KOOJ VAR ';'

   15 EXPR: EXPR '+' EXPR
   16     | EXPR '-' EXPR
   17     | EXPR '*' EXPR
   18     | EXPR '/' EXPR
   19     | '(' EXPR ')'
   20     | VAR
   21     | REAL
   22     | INTEIRO

   23 ATRIB: VAR '=' EXPR ';'
   24      | VAR '=' CARACTERE ';'

   25 SAIDA: PRINT '(' VAR ')' ';'
   26      | PRINT '(' INTEIRO ')' ';'
   27      | PRINT '(' REAL ')' ';'
   28      | PRINT '(' CARACTERE ')' ';'

   29 LOGICA: NOT LOGICA
   30       | LOGICA AND LOGICA
   31       | LOGICA OR LOGICA
   32       | '(' LOGICA ')'
   33       | EXPR_RELAC
   34       | VALOR

   35 VALOR: VAR
   36      | INTEIRO
   37      | REAL

   38 EXPR_RELAC: VALOR EQ VALOR
   39           | VALOR NEQ VALOR
   40           | VALOR GT VALOR
   41           | VALOR LT VALOR
   42           | VALOR GTEQ VALOR
   43           | VALOR LTEQ VALOR

   44 IF_COMANDO: LOOBLE '(' LOGICA ')' BLOCO WOOBLE BLOCO
   45           | LOOBLE '(' LOGICA ')' BLOCO


Terminals, with rules where they appear

$end (0) 0
'(' (40) 19 25 26 27 28 32 44 45
')' (41) 19 25 26 27 28 32 44 45
'*' (42) 17
'+' (43) 15
'-' (45) 16
'/' (47) 18
';' (59) 9 10 11 12 13 14 23 24 25 26 27 28
'=' (61) 9 11 13 23 24
'{' (123) 2
'}' (125) 2
error (256)
MAIN (258)
ENDMAIN (259)
INT (260)
FLOAT (261)
CHAR (262)
PRINT (263) 25 26 27 28
READ (264)
NOT (265) 29
AND (266) 30
OR (267) 31
IF (268)
ELSE (269)
WHILE (270)
SULSUL (271) 1
DAGDAG (272) 1
FIRBS (273) 11 12
PABA (274) 9 10
KOOJ (275) 13 14
WOOBLE (276) 44
LOOBLE (277) 44 45
EQ (278) 38
NEQ (279) 39
GT (280) 40
LT (281) 41
GTEQ (282) 42
LTEQ (283) 43
INTEIRO (284) 22 26 36
REAL (285) 21 27 37
CARACTERE (286) 13 24 28
VAR (287) 9 10 11 12 13 14 20 23 24 25 35


Nonterminals, with rules where they appear

$accept (43)
    on left: 0
S (44)
    on left: 1, on right: 0
BLOCO (45)
    on left: 2, on right: 1 44 45
COMANDOS (46)
    on left: 3 4, on right: 2 3
COMANDO (47)
    on left: 5 6 7 8, on right: 3 4
DECLARACAO (48)
    on left: 9 10 11 12 13 14, on right: 5
EXPR (49)
    on left: 15 16 17 18 19 20 21 22, on right: 9 11 15 16 17 18 19
    23
ATRIB (50)
    on left: 23 24, on right: 6
SAIDA (51)
    on left: 25 26 27 28, on right: 7
LOGICA (52)
    on left: 29 30 31 32 33 34, on right: 29 30 31 32 44 45
VALOR (53)
    on left: 35 36 37, on right: 34 38 39 40 41 42 43
EXPR_RELAC (54)
    on left: 38 39 40 41 42 43, on right: 33
IF_COMANDO (55)
    on left: 44 45, on right: 8


state 0

    0 $accept: . S $end

    SULSUL  shift, and go to state 1

    S  go to state 2


state 1

    1 S: SULSUL . BLOCO DAGDAG

    '{'  shift, and go to state 3

    BLOCO  go to state 4


state 2

    0 $accept: S . $end

    $end  shift, and go to state 5


state 3

    2 BLOCO: '{' . COMANDOS '}'

    PRINT   shift, and go to state 6
    FIRBS   shift, and go to state 7
    PABA    shift, and go to state 8
    KOOJ    shift, and go to state 9
    LOOBLE  shift, and go to state 10
    VAR     shift, and go to state 11

    COMANDOS    go to state 12
    COMANDO     go to state 13
    DECLARACAO  go to state 14
    ATRIB       go to state 15
    SAIDA       go to state 16
    IF_COMANDO  go to state 17


state 4

    1 S: SULSUL BLOCO . DAGDAG

    DAGDAG  shift, and go to state 18


state 5

    0 $accept: S $end .

    $default  accept


state 6

   25 SAIDA: PRINT . '(' VAR ')' ';'
   26      | PRINT . '(' INTEIRO ')' ';'
   27      | PRINT . '(' REAL ')' ';'
   28      | PRINT . '(' CARACTERE ')' ';'

    '('  shift, and go to state 19


state 7

   11 DECLARACAO: FIRBS . VAR '=' EXPR ';'
   12           | FIRBS . VAR ';'

    VAR  shift, and go to state 20


state 8

    9 DECLARACAO: PABA . VAR '=' EXPR ';'
   10           | PABA . VAR ';'

    VAR  shift, and go to state 21


state 9

   13 DECLARACAO: KOOJ . VAR '=' CARACTERE ';'
   14           | KOOJ . VAR ';'

    VAR  shift, and go to state 22


state 10

   44 IF_COMANDO: LOOBLE . '(' LOGICA ')' BLOCO WOOBLE BLOCO
   45           | LOOBLE . '(' LOGICA ')' BLOCO

    '('  shift, and go to state 23


state 11

   23 ATRIB: VAR . '=' EXPR ';'
   24      | VAR . '=' CARACTERE ';'

    '='  shift, and go to state 24


state 12

    2 BLOCO: '{' COMANDOS . '}'
    3 COMANDOS: COMANDOS . COMANDO

    PRINT   shift, and go to state 6
    FIRBS   shift, and go to state 7
    PABA    shift, and go to state 8
    KOOJ    shift, and go to state 9
    LOOBLE  shift, and go to state 10
    VAR     shift, and go to state 11
    '}'     shift, and go to state 25

    COMANDO     go to state 26
    DECLARACAO  go to state 14
    ATRIB       go to state 15
    SAIDA       go to state 16
    IF_COMANDO  go to state 17


state 13

    4 COMANDOS: COMANDO .

    $default  reduce using rule 4 (COMANDOS)


state 14

    5 COMANDO: DECLARACAO .

    $default  reduce using rule 5 (COMANDO)


state 15

    6 COMANDO: ATRIB .

    $default  reduce using rule 6 (COMANDO)


state 16

    7 COMANDO: SAIDA .

    $default  reduce using rule 7 (COMANDO)


state 17

    8 COMANDO: IF_COMANDO .

    $default  reduce using rule 8 (COMANDO)


state 18

    1 S: SULSUL BLOCO DAGDAG .

    $default  reduce using rule 1 (S)


state 19

   25 SAIDA: PRINT '(' . VAR ')' ';'
   26      | PRINT '(' . INTEIRO ')' ';'
   27      | PRINT '(' . REAL ')' ';'
   28      | PRINT '(' . CARACTERE ')' ';'

    INTEIRO    shift, and go to state 27
    REAL       shift, and go to state 28
    CARACTERE  shift, and go to state 29
    VAR        shift, and go to state 30


state 20

   11 DECLARACAO: FIRBS VAR . '=' EXPR ';'
   12           | FIRBS VAR . ';'

    '='  shift, and go to state 31
    ';'  shift, and go to state 32


state 21

    9 DECLARACAO: PABA VAR . '=' EXPR ';'
   10           | PABA VAR . ';'

    '='  shift, and go to state 33
    ';'  shift, and go to state 34


state 22

   13 DECLARACAO: KOOJ VAR . '=' CARACTERE ';'
   14           | KOOJ VAR . ';'

    '='  shift, and go to state 35
    ';'  shift, and go to state 36


state 23

   44 IF_COMANDO: LOOBLE '(' . LOGICA ')' BLOCO WOOBLE BLOCO
   45           | LOOBLE '(' . LOGICA ')' BLOCO

    NOT      shift, and go to state 37
    INTEIRO  shift, and go to state 38
    REAL     shift, and go to state 39
    VAR      shift, and go to state 40
    '('      shift, and go to state 41

    LOGICA      go to state 42
    VALOR       go to state 43
    EXPR_RELAC  go to state 44


state 24

   23 ATRIB: VAR '=' . EXPR ';'
   24      | VAR '=' . CARACTERE ';'

    INTEIRO    shift, and go to state 45
    REAL       shift, and go to state 46
    CARACTERE  shift, and go to state 47
    VAR        shift, and go to state 48
    '('        shift, and go to state 49

    EXPR  go to state 50


state 25

    2 BLOCO: '{' COMANDOS '}' .

    $default  reduce using rule 2 (BLOCO)


state 26

    3 COMANDOS: COMANDOS COMANDO .

    $default  reduce using rule 3 (COMANDOS)


state 27

   26 SAIDA: PRINT '(' INTEIRO . ')' ';'

    ')'  shift, and go to state 51


state 28

   27 SAIDA: PRINT '(' REAL . ')' ';'

    ')'  shift, and go to state 52


state 29

   28 SAIDA: PRINT '(' CARACTERE . ')' ';'

    ')'  shift, and go to state 53


state 30

   25 SAIDA: PRINT '(' VAR . ')' ';'

    ')'  shift, and go to state 54


state 31

   11 DECLARACAO: FIRBS VAR '=' . EXPR ';'

    INTEIRO  shift, and go to state 45
    REAL     shift, and go to state 46
    VAR      shift, and go to state 48
    '('      shift, and go to state 49

    EXPR  go to state 55


state 32

   12 DECLARACAO: FIRBS VAR ';' .

    $default  reduce using rule 12 (DECLARACAO)


state 33

    9 DECLARACAO: PABA VAR '=' . EXPR ';'

    INTEIRO  shift, and go to state 45
    REAL     shift, and go to state 46
    VAR      shift, and go to state 48
    '('      shift, and go to state 49

    EXPR  go to state 56


state 34

   10 DECLARACAO: PABA VAR ';' .

    $default  reduce using rule 10 (DECLARACAO)


state 35

   13 DECLARACAO: KOOJ VAR '=' . CARACTERE ';'

    CARACTERE  shift, and go to state 57


state 36

   14 DECLARACAO: KOOJ VAR ';' .

    $default  reduce using rule 14 (DECLARACAO)


state 37

   29 LOGICA: NOT . LOGICA

    NOT      shift, and go to state 37
    INTEIRO  shift, and go to state 38
    REAL     shift, and go to state 39
    VAR      shift, and go to state 40
    '('      shift, and go to state 41

    LOGICA      go to state 58
    VALOR       go to state 43
    EXPR_RELAC  go to state 44


state 38

   36 VALOR: INTEIRO .

    $default  reduce using rule 36 (VALOR)


state 39

   37 VALOR: REAL .

    $default  reduce using rule 37 (VALOR)


state 40

   35 VALOR: VAR .

    $default  reduce using rule 35 (VALOR)


state 41

   32 LOGICA: '(' . LOGICA ')'

    NOT      shift, and go to state 37
    INTEIRO  shift, and go to state 38
    REAL     shift, and go to state 39
    VAR      shift, and go to state 40
    '('      shift, and go to state 41

    LOGICA      go to state 59
    VALOR       go to state 43
    EXPR_RELAC  go to state 44


state 42

   30 LOGICA: LOGICA . AND LOGICA
   31       | LOGICA . OR LOGICA
   44 IF_COMANDO: LOOBLE '(' LOGICA . ')' BLOCO WOOBLE BLOCO
   45           | LOOBLE '(' LOGICA . ')' BLOCO

    AND  shift, and go to state 60
    OR   shift, and go to state 61
    ')'  shift, and go to state 62


state 43

   34 LOGICA: VALOR .
   38 EXPR_RELAC: VALOR . EQ VALOR
   39           | VALOR . NEQ VALOR
   40           | VALOR . GT VALOR
   41           | VALOR . LT VALOR
   42           | VALOR . GTEQ VALOR
   43           | VALOR . LTEQ VALOR

    EQ    shift, and go to state 63
    NEQ   shift, and go to state 64
    GT    shift, and go to state 65
    LT    shift, and go to state 66
    GTEQ  shift, and go to state 67
    LTEQ  shift, and go to state 68

    $default  reduce using rule 34 (LOGICA)


state 44

   33 LOGICA: EXPR_RELAC .

    $default  reduce using rule 33 (LOGICA)


state 45

   22 EXPR: INTEIRO .

    $default  reduce using rule 22 (EXPR)


state 46

   21 EXPR: REAL .

    $default  reduce using rule 21 (EXPR)


state 47

   24 ATRIB: VAR '=' CARACTERE . ';'

    ';'  shift, and go to state 69


state 48

   20 EXPR: VAR .

    $default  reduce using rule 20 (EXPR)


state 49

   19 EXPR: '(' . EXPR ')'

    INTEIRO  shift, and go to state 45
    REAL     shift, and go to state 46
    VAR      shift, and go to state 48
    '('      shift, and go to state 49

    EXPR  go to state 70


state 50

   15 EXPR: EXPR . '+' EXPR
   16     | EXPR . '-' EXPR
   17     | EXPR . '*' EXPR
   18     | EXPR . '/' EXPR
   23 ATRIB: VAR '=' EXPR . ';'

    '+'  shift, and go to state 71
    '-'  shift, and go to state 72
    '*'  shift, and go to state 73
    '/'  shift, and go to state 74
    ';'  shift, and go to state 75


state 51

   26 SAIDA: PRINT '(' INTEIRO ')' . ';'

    ';'  shift, and go to state 76


state 52

   27 SAIDA: PRINT '(' REAL ')' . ';'

    ';'  shift, and go to state 77


state 53

   28 SAIDA: PRINT '(' CARACTERE ')' . ';'

    ';'  shift, and go to state 78


state 54

   25 SAIDA: PRINT '(' VAR ')' . ';'

    ';'  shift, and go to state 79


state 55

   11 DECLARACAO: FIRBS VAR '=' EXPR . ';'
   15 EXPR: EXPR . '+' EXPR
   16     | EXPR . '-' EXPR
   17     | EXPR . '*' EXPR
   18     | EXPR . '/' EXPR

    '+'  shift, and go to state 71
    '-'  shift, and go to state 72
    '*'  shift, and go to state 73
    '/'  shift, and go to state 74
    ';'  shift, and go to state 80


state 56

    9 DECLARACAO: PABA VAR '=' EXPR . ';'
   15 EXPR: EXPR . '+' EXPR
   16     | EXPR . '-' EXPR
   17     | EXPR . '*' EXPR
   18     | EXPR . '/' EXPR

    '+'  shift, and go to state 71
    '-'  shift, and go to state 72
    '*'  shift, and go to state 73
    '/'  shift, and go to state 74
    ';'  shift, and go to state 81


state 57

   13 DECLARACAO: KOOJ VAR '=' CARACTERE . ';'

    ';'  shift, and go to state 82


state 58

   29 LOGICA: NOT LOGICA .
   30       | LOGICA . AND LOGICA
   31       | LOGICA . OR LOGICA

    $default  reduce using rule 29 (LOGICA)


state 59

   30 LOGICA: LOGICA . AND LOGICA
   31       | LOGICA . OR LOGICA
   32       | '(' LOGICA . ')'

    AND  shift, and go to state 60
    OR   shift, and go to state 61
    ')'  shift, and go to state 83


state 60

   30 LOGICA: LOGICA AND . LOGICA

    NOT      shift, and go to state 37
    INTEIRO  shift, and go to state 38
    REAL     shift, and go to state 39
    VAR      shift, and go to state 40
    '('      shift, and go to state 41

    LOGICA      go to state 84
    VALOR       go to state 43
    EXPR_RELAC  go to state 44


state 61

   31 LOGICA: LOGICA OR . LOGICA

    NOT      shift, and go to state 37
    INTEIRO  shift, and go to state 38
    REAL     shift, and go to state 39
    VAR      shift, and go to state 40
    '('      shift, and go to state 41

    LOGICA      go to state 85
    VALOR       go to state 43
    EXPR_RELAC  go to state 44


state 62

   44 IF_COMANDO: LOOBLE '(' LOGICA ')' . BLOCO WOOBLE BLOCO
   45           | LOOBLE '(' LOGICA ')' . BLOCO

    '{'  shift, and go to state 3

    BLOCO  go to state 86


state 63

   38 EXPR_RELAC: VALOR EQ . VALOR

    INTEIRO  shift, and go to state 38
    REAL     shift, and go to state 39
    VAR      shift, and go to state 40

    VALOR  go to state 87


state 64

   39 EXPR_RELAC: VALOR NEQ . VALOR

    INTEIRO  shift, and go to state 38
    REAL     shift, and go to state 39
    VAR      shift, and go to state 40

    VALOR  go to state 88


state 65

   40 EXPR_RELAC: VALOR GT . VALOR

    INTEIRO  shift, and go to state 38
    REAL     shift, and go to state 39
    VAR      shift, and go to state 40

    VALOR  go to state 89


state 66

   41 EXPR_RELAC: VALOR LT . VALOR

    INTEIRO  shift, and go to state 38
    REAL     shift, and go to state 39
    VAR      shift, and go to state 40

    VALOR  go to state 90


state 67

   42 EXPR_RELAC: VALOR GTEQ . VALOR

    INTEIRO  shift, and go to state 38
    REAL     shift, and go to state 39
    VAR      shift, and go to state 40

    VALOR  go to state 91


state 68

   43 EXPR_RELAC: VALOR LTEQ . VALOR

    INTEIRO  shift, and go to state 38
    REAL     shift, and go to state 39
    VAR      shift, and go to state 40

    VALOR  go to state 92


state 69

   24 ATRIB: VAR '=' CARACTERE ';' .

    $default  reduce using rule 24 (ATRIB)


state 70

   15 EXPR: EXPR . '+' EXPR
   16     | EXPR . '-' EXPR
   17     | EXPR . '*' EXPR
   18     | EXPR . '/' EXPR
   19     | '(' EXPR . ')'

    '+'  shift, and go to state 71
    '-'  shift, and go to state 72
    '*'  shift, and go to state 73
    '/'  shift, and go to state 74
    ')'  shift, and go to state 93


state 71

   15 EXPR: EXPR '+' . EXPR

    INTEIRO  shift, and go to state 45
    REAL     shift, and go to state 46
    VAR      shift, and go to state 48
    '('      shift, and go to state 49

    EXPR  go to state 94


state 72

   16 EXPR: EXPR '-' . EXPR

    INTEIRO  shift, and go to state 45
    REAL     shift, and go to state 46
    VAR      shift, and go to state 48
    '('      shift, and go to state 49

    EXPR  go to state 95


state 73

   17 EXPR: EXPR '*' . EXPR

    INTEIRO  shift, and go to state 45
    REAL     shift, and go to state 46
    VAR      shift, and go to state 48
    '('      shift, and go to state 49

    EXPR  go to state 96


state 74

   18 EXPR: EXPR '/' . EXPR

    INTEIRO  shift, and go to state 45
    REAL     shift, and go to state 46
    VAR      shift, and go to state 48
    '('      shift, and go to state 49

    EXPR  go to state 97


state 75

   23 ATRIB: VAR '=' EXPR ';' .

    $default  reduce using rule 23 (ATRIB)


state 76

   26 SAIDA: PRINT '(' INTEIRO ')' ';' .

    $default  reduce using rule 26 (SAIDA)


state 77

   27 SAIDA: PRINT '(' REAL ')' ';' .

    $default  reduce using rule 27 (SAIDA)


state 78

   28 SAIDA: PRINT '(' CARACTERE ')' ';' .

    $default  reduce using rule 28 (SAIDA)


state 79

   25 SAIDA: PRINT '(' VAR ')' ';' .

    $default  reduce using rule 25 (SAIDA)


state 80

   11 DECLARACAO: FIRBS VAR '=' EXPR ';' .

    $default  reduce using rule 11 (DECLARACAO)


state 81

    9 DECLARACAO: PABA VAR '=' EXPR ';' .

    $default  reduce using rule 9 (DECLARACAO)


state 82

   13 DECLARACAO: KOOJ VAR '=' CARACTERE ';' .

    $default  reduce using rule 13 (DECLARACAO)


state 83

   32 LOGICA: '(' LOGICA ')' .

    $default  reduce using rule 32 (LOGICA)


state 84

   30 LOGICA: LOGICA . AND LOGICA
   30       | LOGICA AND LOGICA .
   31       | LOGICA . OR LOGICA

    $default  reduce using rule 30 (LOGICA)


state 85

   30 LOGICA: LOGICA . AND LOGICA
   31       | LOGICA . OR LOGICA
   31       | LOGICA OR LOGICA .

    AND  shift, and go to state 60

    $default  reduce using rule 31 (LOGICA)


state 86

   44 IF_COMANDO: LOOBLE '(' LOGICA ')' BLOCO . WOOBLE BLOCO
   45           | LOOBLE '(' LOGICA ')' BLOCO .

    WOOBLE  shift, and go to state 98

    $default  reduce using rule 45 (IF_COMANDO)


state 87

   38 EXPR_RELAC: VALOR EQ VALOR .

    $default  reduce using rule 38 (EXPR_RELAC)


state 88

   39 EXPR_RELAC: VALOR NEQ VALOR .

    $default  reduce using rule 39 (EXPR_RELAC)


state 89

   40 EXPR_RELAC: VALOR GT VALOR .

    $default  reduce using rule 40 (EXPR_RELAC)


state 90

   41 EXPR_RELAC: VALOR LT VALOR .

    $default  reduce using rule 41 (EXPR_RELAC)


state 91

   42 EXPR_RELAC: VALOR GTEQ VALOR .

    $default  reduce using rule 42 (EXPR_RELAC)


state 92

   43 EXPR_RELAC: VALOR LTEQ VALOR .

    $default  reduce using rule 43 (EXPR_RELAC)


state 93

   19 EXPR: '(' EXPR ')' .

    $default  reduce using rule 19 (EXPR)


state 94

   15 EXPR: EXPR . '+' EXPR
   15     | EXPR '+' EXPR .
   16     | EXPR . '-' EXPR
   17     | EXPR . '*' EXPR
   18     | EXPR . '/' EXPR

    '*'  shift, and go to state 73
    '/'  shift, and go to state 74

    $default  reduce using rule 15 (EXPR)


state 95

   15 EXPR: EXPR . '+' EXPR
   16     | EXPR . '-' EXPR
   16     | EXPR '-' EXPR .
   17     | EXPR . '*' EXPR
   18     | EXPR . '/' EXPR

    '*'  shift, and go to state 73
    '/'  shift, and go to state 74

    $default  reduce using rule 16 (EXPR)


state 96

   15 EXPR: EXPR . '+' EXPR
   16     | EXPR . '-' EXPR
   17     | EXPR . '*' EXPR
   17     | EXPR '*' EXPR .
   18     | EXPR . '/' EXPR

    $default  reduce using rule 17 (EXPR)


state 97

   15 EXPR: EXPR . '+' EXPR
   16     | EXPR . '-' EXPR
   17     | EXPR . '*' EXPR
   18     | EXPR . '/' EXPR
   18     | EXPR '/' EXPR .

    $default  reduce using rule 18 (EXPR)


state 98

   44 IF_COMANDO: LOOBLE '(' LOGICA ')' BLOCO WOOBLE . BLOCO

    '{'  shift, and go to state 3

    BLOCO  go to state 99


state 99

   44 IF_COMANDO: LOOBLE '(' LOGICA ')' BLOCO WOOBLE BLOCO .

    $default  reduce using rule 44 (IF_COMANDO)
